2024-03-30 12:41:08,850 INFO  [1] com.oracle.cie.nextgen.launcher.LogUtils - Launcher log file is /tmp/OraInstall2024-03-30_12-41-08PM/launcher2024-03-30_12-41-08PM.log.
2024-03-30 12:41:08,853 INFO  [1] com.oracle.cie.nextgen.launcher.Launcher - Running jar: /home/amdpr1/Desktop/weblogic_poc/fmw_14.1.1.0.0_wls_lite_generic.jar
2024-03-30 12:41:08,904 INFO  [1] com.oracle.cie.nextgen.launcher.LogUtils - Extracting to /tmp/orcl4370346403877411889.tmp.
2024-03-30 12:41:08,969 INFO  [1] com.oracle.cie.nextgen.launcher.LogUtils - Extracting the installer . . .
2024-03-30 12:41:11,017 INFO  [1] com.oracle.cie.nextgen.launcher.LogUtils - Finished self extraction to /tmp/orcl4370346403877411889.tmp.
2024-03-30 12:41:11,025 INFO  [1] com.oracle.cie.nextgen.launcher.LogUtils - Using the parameter file: /tmp/orcl4370346403877411889.tmp/Disk1/install/linux64/oraparam.ini
2024-03-30 12:41:11,047 INFO  [1] com.oracle.cie.nextgen.launcher.LogUtils - Checking if CPU speed is above 300 MHz
2024-03-30 12:41:11,053 INFO  [1] com.oracle.cie.nextgen.launcher.LogUtils - .   Actual 2208.002 MHz
2024-03-30 12:41:11,053 INFO  [1] com.oracle.cie.nextgen.launcher.LogUtils -     Passed
2024-03-30 12:41:11,053 INFO  [1] com.oracle.cie.nextgen.launcher.LogUtils - Checking swap space: must be greater than 512 MB
2024-03-30 12:41:11,057 INFO  [1] com.oracle.cie.nextgen.launcher.LogUtils - .   Actual 7987 MB
2024-03-30 12:41:11,058 INFO  [1] com.oracle.cie.nextgen.launcher.LogUtils -     Passed
2024-03-30 12:41:11,058 INFO  [1] com.oracle.cie.nextgen.launcher.LogUtils - Checking if this platform requires a 64-bit JVM
2024-03-30 12:41:11,058 INFO  [1] com.oracle.cie.nextgen.launcher.LogUtils - .   Actual 64
2024-03-30 12:41:11,058 INFO  [1] com.oracle.cie.nextgen.launcher.LogUtils -     Passed (64-bit not required)
2024-03-30 12:41:11,058 INFO  [1] com.oracle.cie.nextgen.launcher.LogUtils - Checking temp space: must be greater than 300 MB
2024-03-30 12:41:11,059 INFO  [1] com.oracle.cie.nextgen.launcher.LogUtils - .   Actual 14395 MB
2024-03-30 12:41:11,059 INFO  [1] com.oracle.cie.nextgen.launcher.LogUtils -     Passed
2024-03-30 12:41:11,059 INFO  [1] com.oracle.cie.nextgen.launcher.LogUtils - Preparing to launch the Oracle Universal Installer from /tmp/OraInstall2024-03-30_12-41-08PM
2024-03-30 12:41:11,061 INFO  [1] com.oracle.cie.nextgen.launcher.LogUtils - Unzip of /tmp/orcl4370346403877411889.tmp/Disk1/stage/Components/oracle.nlsoramapping.jrf/19.3.0.0.0/DataFiles/filegroup1.jar to /tmp/OraInstall2024-03-30_12-41-08PM/oracle_common succeeded.
2024-03-30 12:41:11,101 INFO  [1] com.oracle.cie.nextgen.launcher.LogUtils - Unzip of /tmp/orcl4370346403877411889.tmp/Disk1/stage/Components/oracle.nlsrtl.jrf/19.3.0.0.0/DataFiles/filegroup1.jar to /tmp/OraInstall2024-03-30_12-41-08PM/oracle_common succeeded.
2024-03-30 12:41:11,102 INFO  [1] com.oracle.cie.nextgen.launcher.LogUtils - Unzip of /tmp/orcl4370346403877411889.tmp/Disk1/stage/Components/oracle.glcm.logging/1.6.4.0.0/DataFiles/filegroup1.jar to /tmp/OraInstall2024-03-30_12-41-08PM/oracle_common succeeded.
2024-03-30 12:41:11,106 INFO  [1] com.oracle.cie.nextgen.launcher.LogUtils - Unzip of /tmp/orcl4370346403877411889.tmp/Disk1/stage/Components/oracle.glcm.comdev/7.8.4.0.0/DataFiles/filegroup1.jar to /tmp/OraInstall2024-03-30_12-41-08PM/oracle_common succeeded.
2024-03-30 12:41:11,107 INFO  [1] com.oracle.cie.nextgen.launcher.LogUtils - Unzip of /tmp/orcl4370346403877411889.tmp/Disk1/stage/Components/oracle.glcm.dependency/1.8.4.0.0/DataFiles/filegroup1.jar to /tmp/OraInstall2024-03-30_12-41-08PM/oracle_common succeeded.
2024-03-30 12:41:11,108 INFO  [1] com.oracle.cie.nextgen.launcher.LogUtils - Unzip of /tmp/orcl4370346403877411889.tmp/Disk1/stage/Components/oracle.glcm.xmldh/3.4.4.0.0/DataFiles/filegroup1.jar to /tmp/OraInstall2024-03-30_12-41-08PM/oracle_common succeeded.
2024-03-30 12:41:11,111 INFO  [1] com.oracle.cie.nextgen.launcher.LogUtils - Unzip of /tmp/orcl4370346403877411889.tmp/Disk1/stage/Components/oracle.glcm.wizard/7.8.4.0.0/DataFiles/filegroup1.jar to /tmp/OraInstall2024-03-30_12-41-08PM/oracle_common succeeded.
2024-03-30 12:41:11,479 INFO  [1] com.oracle.cie.nextgen.launcher.LogUtils - Unzip of /tmp/orcl4370346403877411889.tmp/Disk1/stage/Components/oracle.org.apache.ant.ant.bundle/1.10.5.0.0/DataFiles/filegroup1.jar to /tmp/OraInstall2024-03-30_12-41-08PM/oracle_common succeeded.
2024-03-30 12:41:11,489 INFO  [1] com.oracle.cie.nextgen.launcher.LogUtils - Unzip of /tmp/orcl4370346403877411889.tmp/Disk1/stage/Components/oracle.jaxb.tools/2.3.2.0.0/DataFiles/filegroup1.jar to /tmp/OraInstall2024-03-30_12-41-08PM/oracle_common succeeded.
2024-03-30 12:41:11,502 INFO  [1] com.oracle.cie.nextgen.launcher.LogUtils - Unzip of /tmp/orcl4370346403877411889.tmp/Disk1/stage/Components/oracle.jaxb.runtime/2.3.2.0.0/DataFiles/filegroup1.jar to /tmp/OraInstall2024-03-30_12-41-08PM/oracle_common succeeded.
2024-03-30 12:41:11,523 INFO  [1] com.oracle.cie.nextgen.launcher.LogUtils - Unzip of /tmp/orcl4370346403877411889.tmp/Disk1/stage/Components/oracle.jse.dms/14.1.1.0.0/DataFiles/filegroup1.jar to /tmp/OraInstall2024-03-30_12-41-08PM/oracle_common succeeded.
2024-03-30 12:41:11,535 INFO  [1] com.oracle.cie.nextgen.launcher.LogUtils - Unzip of /tmp/orcl4370346403877411889.tmp/Disk1/stage/Components/oracle.help.ohj/12.2.1.4.0/DataFiles/filegroup1.jar to /tmp/OraInstall2024-03-30_12-41-08PM/oracle_common succeeded.
2024-03-30 12:41:11,537 INFO  [1] com.oracle.cie.nextgen.launcher.LogUtils - Unzip of /tmp/orcl4370346403877411889.tmp/Disk1/stage/Components/oracle.help.share/12.2.1.4.0/DataFiles/filegroup1.jar to /tmp/OraInstall2024-03-30_12-41-08PM/oracle_common succeeded.
2024-03-30 12:41:11,555 INFO  [1] com.oracle.cie.nextgen.launcher.LogUtils - Unzip of /tmp/orcl4370346403877411889.tmp/Disk1/stage/Components/oracle.bali.ice/12.2.1.4.0/DataFiles/filegroup1.jar to /tmp/OraInstall2024-03-30_12-41-08PM/oracle_common succeeded.
2024-03-30 12:41:11,579 INFO  [1] com.oracle.cie.nextgen.launcher.LogUtils - Unzip of /tmp/orcl4370346403877411889.tmp/Disk1/stage/Components/oracle.bali.jewt/12.2.1.4.0/DataFiles/filegroup1.jar to /tmp/OraInstall2024-03-30_12-41-08PM/oracle_common succeeded.
2024-03-30 12:41:11,580 INFO  [1] com.oracle.cie.nextgen.launcher.LogUtils - Unzip of /tmp/orcl4370346403877411889.tmp/Disk1/stage/Components/oracle.bali.share/12.2.1.4.0/DataFiles/filegroup1.jar to /tmp/OraInstall2024-03-30_12-41-08PM/oracle_common succeeded.
2024-03-30 12:41:11,581 INFO  [1] com.oracle.cie.nextgen.launcher.LogUtils - Unzip of /tmp/orcl4370346403877411889.tmp/Disk1/stage/Components/oracle.fmw.common.wizard.resources/12.2.1.0.0/DataFiles/filegroup1.jar to /tmp/OraInstall2024-03-30_12-41-08PM/oracle_common succeeded.
2024-03-30 12:41:11,584 INFO  [1] com.oracle.cie.nextgen.launcher.LogUtils - Unzip of /tmp/orcl4370346403877411889.tmp/Disk1/stage/Components/oracle.glcm.encryption/2.7.4.0.0/DataFiles/filegroup1.jar to /tmp/OraInstall2024-03-30_12-41-08PM/oracle_common succeeded.
2024-03-30 12:41:11,585 INFO  [1] com.oracle.cie.nextgen.launcher.LogUtils - Unzip of /tmp/orcl4370346403877411889.tmp/Disk1/stage/Components/oracle.java.xml.bind/2.3.0.0.0/DataFiles/filegroup1.jar to /tmp/OraInstall2024-03-30_12-41-08PM/oracle_common succeeded.
2024-03-30 12:41:11,585 INFO  [1] com.oracle.cie.nextgen.launcher.LogUtils - Unzip of /tmp/orcl4370346403877411889.tmp/Disk1/stage/Components/oracle.java.activation/14.1.1.0.0/DataFiles/filegroup1.jar to /tmp/OraInstall2024-03-30_12-41-08PM/oracle_common succeeded.
2024-03-30 12:41:11,607 INFO  [1] com.oracle.cie.nextgen.launcher.LogUtils - Unzip of /tmp/orcl4370346403877411889.tmp/Disk1/stage/Components/oracle.glcm.opatch.common.api/13.9.4.0.0/DataFiles/filegroup1.jar to /tmp/OraInstall2024-03-30_12-41-08PM/OPatch succeeded.
2024-03-30 12:41:11,678 INFO  [1] com.oracle.cie.nextgen.launcher.LogUtils - Unzip of /tmp/orcl4370346403877411889.tmp/Disk1/stage/Components/oracle.nginst.common/13.9.4.0.0/DataFiles/filegroup1.jar to /tmp/OraInstall2024-03-30_12-41-08PM/oui succeeded.
2024-03-30 12:41:11,795 INFO  [1] com.oracle.cie.nextgen.launcher.LogUtils - Unzip of /tmp/orcl4370346403877411889.tmp/Disk1/stage/Components/oracle.nginst.core/13.9.4.0.0/DataFiles/filegroup1.jar to /tmp/OraInstall2024-03-30_12-41-08PM/oui succeeded.
2024-03-30 12:41:11,796 INFO  [1] com.oracle.cie.nextgen.launcher.LogUtils - Unzip of /tmp/orcl4370346403877411889.tmp/Disk1/stage/Components/oracle.nginst.core/13.9.4.0.0/DataFiles/filegroup2.jar to /tmp/OraInstall2024-03-30_12-41-08PM/oracle_common succeeded.
2024-03-30 12:41:11,797 INFO  [1] com.oracle.cie.nextgen.launcher.LogUtils - Unzip of /tmp/orcl4370346403877411889.tmp/Disk1/stage/Components/oracle.nginst.core/13.9.4.0.0/DataFiles/filegroup3.jar to /tmp/OraInstall2024-03-30_12-41-08PM/oui succeeded.
2024-03-30 12:41:11,799 INFO  [1] com.oracle.cie.nextgen.launcher.LogUtils - Unzip of /tmp/orcl4370346403877411889.tmp/Disk1/stage/Components/oracle.nginst.thirdparty/13.9.4.0.0/DataFiles/filegroup1.jar to /tmp/OraInstall2024-03-30_12-41-08PM/oracle_common succeeded.
2024-03-30 12:41:11,802 INFO  [1] com.oracle.cie.nextgen.launcher.LogUtils - Unzip of /tmp/orcl4370346403877411889.tmp/Disk1/stage/Components/oracle.http_client/14.1.1.0.0/DataFiles/filegroup1.jar to /tmp/OraInstall2024-03-30_12-41-08PM/oracle_common succeeded.
2024-03-30 12:41:11,843 INFO  [1] com.oracle.cie.nextgen.launcher.LogUtils - Unzip of /tmp/orcl4370346403877411889.tmp/Disk1/stage/Components/oracle.swd.opatch/13.9.4.2.3/DataFiles/filegroup1.jar to /tmp/OraInstall2024-03-30_12-41-08PM/OPatch succeeded.
2024-03-30 12:41:11,844 INFO  [1] com.oracle.cie.nextgen.launcher.LogUtils - Unzip of /tmp/orcl4370346403877411889.tmp/Disk1/stage/Components/oracle.as.install.common.help/12.2.1.4.0/DataFiles/filegroup1.jar to /tmp/OraInstall2024-03-30_12-41-08PM/oui succeeded.
2024-03-30 12:41:11,849 INFO  [1] com.oracle.cie.nextgen.launcher.LogUtils - Unzip of /tmp/orcl4370346403877411889.tmp/Disk1/stage/Components/oracle.as.install.common.help/12.2.1.4.0/DataFiles/filegroup2.jar to /tmp/OraInstall2024-03-30_12-41-08PM/oui succeeded.
2024-03-30 12:41:11,850 INFO  [1] com.oracle.cie.nextgen.launcher.LogUtils - Unzip of /tmp/orcl4370346403877411889.tmp/Disk1/stage/Components/oracle.as.install.common.prerequisite.files/14.1.1.0.0/DataFiles/filegroup1.jar to /tmp/OraInstall2024-03-30_12-41-08PM/oui succeeded.
2024-03-30 12:41:11,891 INFO  [1] com.oracle.cie.nextgen.launcher.LogUtils - Unzip of /tmp/orcl4370346403877411889.tmp/Disk1/stage/Components/oracle.as.install.ui.framework/14.1.1.0.0/DataFiles/filegroup1.jar to /tmp/OraInstall2024-03-30_12-41-08PM/oui succeeded.
2024-03-30 12:41:11,893 INFO  [1] com.oracle.cie.nextgen.launcher.LogUtils - Unzip of /tmp/orcl4370346403877411889.tmp/Disk1/stage/Components/oracle.as.install.wls/14.1.1.0.0/DataFiles/filegroup1.jar to /tmp/OraInstall2024-03-30_12-41-08PM/oui succeeded.
2024-03-30 12:41:11,897 INFO  [1] com.oracle.cie.nextgen.launcher.LogUtils - Unzip of /tmp/orcl4370346403877411889.tmp/Disk1/stage/Components/oracle.as.install.wls.prerequisite/14.1.1.0.0/DataFiles/filegroup1.jar to /tmp/OraInstall2024-03-30_12-41-08PM/oui succeeded.
2024-03-30 12:41:11,909 INFO  [1] com.oracle.cie.nextgen.launcher.LogUtils - Unzip of /tmp/orcl4370346403877411889.tmp/Disk1/stage/Components/oracle.glcm.opatchauto.core/13.9.4.2.0/DataFiles/filegroup1.jar to /tmp/OraInstall2024-03-30_12-41-08PM/OPatch succeeded.
2024-03-30 12:41:11,924 INFO  [1] com.oracle.cie.nextgen.launcher.LogUtils - Unzip of /tmp/orcl4370346403877411889.tmp/Disk1/stage/Components/oracle.glcm.fmw.chghost/14.1.1.0.0/DataFiles/filegroup1.jar to /tmp/OraInstall2024-03-30_12-41-08PM/oracle_common succeeded.
2024-03-30 12:41:11,925 INFO  [1] com.oracle.cie.nextgen.launcher.LogUtils - Unzip of /tmp/orcl4370346403877411889.tmp/Disk1/stage/Components/oracle.nginst.common/13.9.4.0.0/DataFiles/filegroup5.jar to /tmp/OraInstall2024-03-30_12-41-08PM/oui succeeded.
2024-03-30 12:41:11,927 INFO  [1] com.oracle.cie.nextgen.launcher.LogUtils - The number of files bootstrapped to the /tmp/OraInstall2024-03-30_12-41-08PM/oui directory is 170.
