2024-03-30 13:22:47,438 INFO  [1] com.oracle.cie.nextgen.launcher.LogUtils - Launcher log file is /tmp/OraInstall2024-03-30_01-22-46PM/launcher2024-03-30_01-22-46PM.log.
2024-03-30 13:22:47,441 INFO  [1] com.oracle.cie.nextgen.launcher.Launcher - Running jar: /home/amdpr1/Desktop/weblogic_poc/fmw_14.1.1.0.0_wls_lite_generic.jar
2024-03-30 13:22:47,480 INFO  [1] com.oracle.cie.nextgen.launcher.LogUtils - Extracting to /tmp/orcl5105689544393348670.tmp.
2024-03-30 13:22:47,563 INFO  [1] com.oracle.cie.nextgen.launcher.LogUtils - Extracting the installer . . .
2024-03-30 13:22:49,598 INFO  [1] com.oracle.cie.nextgen.launcher.LogUtils - Finished self extraction to /tmp/orcl5105689544393348670.tmp.
2024-03-30 13:22:49,607 INFO  [1] com.oracle.cie.nextgen.launcher.LogUtils - Using the parameter file: /tmp/orcl5105689544393348670.tmp/Disk1/install/linux64/oraparam.ini
2024-03-30 13:22:49,634 INFO  [1] com.oracle.cie.nextgen.launcher.LogUtils - Checking if CPU speed is above 300 MHz
2024-03-30 13:22:49,638 INFO  [1] com.oracle.cie.nextgen.launcher.LogUtils - .   Actual 2208.002 MHz
2024-03-30 13:22:49,638 INFO  [1] com.oracle.cie.nextgen.launcher.LogUtils -     Passed
2024-03-30 13:22:49,639 INFO  [1] com.oracle.cie.nextgen.launcher.LogUtils - Checking swap space: must be greater than 512 MB
2024-03-30 13:22:49,643 INFO  [1] com.oracle.cie.nextgen.launcher.LogUtils - .   Actual 7987 MB
2024-03-30 13:22:49,643 INFO  [1] com.oracle.cie.nextgen.launcher.LogUtils -     Passed
2024-03-30 13:22:49,644 INFO  [1] com.oracle.cie.nextgen.launcher.LogUtils - Checking if this platform requires a 64-bit JVM
2024-03-30 13:22:49,644 INFO  [1] com.oracle.cie.nextgen.launcher.LogUtils - .   Actual 64
2024-03-30 13:22:49,644 INFO  [1] com.oracle.cie.nextgen.launcher.LogUtils -     Passed (64-bit not required)
2024-03-30 13:22:49,645 INFO  [1] com.oracle.cie.nextgen.launcher.LogUtils - Checking temp space: must be greater than 300 MB
2024-03-30 13:22:49,645 INFO  [1] com.oracle.cie.nextgen.launcher.LogUtils - .   Actual 14395 MB
2024-03-30 13:22:49,645 INFO  [1] com.oracle.cie.nextgen.launcher.LogUtils -     Passed
2024-03-30 13:22:49,646 INFO  [1] com.oracle.cie.nextgen.launcher.LogUtils - Preparing to launch the Oracle Universal Installer from /tmp/OraInstall2024-03-30_01-22-46PM
2024-03-30 13:22:49,648 INFO  [1] com.oracle.cie.nextgen.launcher.LogUtils - Unzip of /tmp/orcl5105689544393348670.tmp/Disk1/stage/Components/oracle.nlsoramapping.jrf/19.3.0.0.0/DataFiles/filegroup1.jar to /tmp/OraInstall2024-03-30_01-22-46PM/oracle_common succeeded.
2024-03-30 13:22:49,683 INFO  [1] com.oracle.cie.nextgen.launcher.LogUtils - Unzip of /tmp/orcl5105689544393348670.tmp/Disk1/stage/Components/oracle.nlsrtl.jrf/19.3.0.0.0/DataFiles/filegroup1.jar to /tmp/OraInstall2024-03-30_01-22-46PM/oracle_common succeeded.
2024-03-30 13:22:49,684 INFO  [1] com.oracle.cie.nextgen.launcher.LogUtils - Unzip of /tmp/orcl5105689544393348670.tmp/Disk1/stage/Components/oracle.glcm.logging/1.6.4.0.0/DataFiles/filegroup1.jar to /tmp/OraInstall2024-03-30_01-22-46PM/oracle_common succeeded.
2024-03-30 13:22:49,687 INFO  [1] com.oracle.cie.nextgen.launcher.LogUtils - Unzip of /tmp/orcl5105689544393348670.tmp/Disk1/stage/Components/oracle.glcm.comdev/7.8.4.0.0/DataFiles/filegroup1.jar to /tmp/OraInstall2024-03-30_01-22-46PM/oracle_common succeeded.
2024-03-30 13:22:49,689 INFO  [1] com.oracle.cie.nextgen.launcher.LogUtils - Unzip of /tmp/orcl5105689544393348670.tmp/Disk1/stage/Components/oracle.glcm.dependency/1.8.4.0.0/DataFiles/filegroup1.jar to /tmp/OraInstall2024-03-30_01-22-46PM/oracle_common succeeded.
2024-03-30 13:22:49,690 INFO  [1] com.oracle.cie.nextgen.launcher.LogUtils - Unzip of /tmp/orcl5105689544393348670.tmp/Disk1/stage/Components/oracle.glcm.xmldh/3.4.4.0.0/DataFiles/filegroup1.jar to /tmp/OraInstall2024-03-30_01-22-46PM/oracle_common succeeded.
2024-03-30 13:22:49,695 INFO  [1] com.oracle.cie.nextgen.launcher.LogUtils - Unzip of /tmp/orcl5105689544393348670.tmp/Disk1/stage/Components/oracle.glcm.wizard/7.8.4.0.0/DataFiles/filegroup1.jar to /tmp/OraInstall2024-03-30_01-22-46PM/oracle_common succeeded.
2024-03-30 13:22:49,981 INFO  [1] com.oracle.cie.nextgen.launcher.LogUtils - Unzip of /tmp/orcl5105689544393348670.tmp/Disk1/stage/Components/oracle.org.apache.ant.ant.bundle/1.10.5.0.0/DataFiles/filegroup1.jar to /tmp/OraInstall2024-03-30_01-22-46PM/oracle_common succeeded.
2024-03-30 13:22:49,986 INFO  [1] com.oracle.cie.nextgen.launcher.LogUtils - Unzip of /tmp/orcl5105689544393348670.tmp/Disk1/stage/Components/oracle.jaxb.tools/2.3.2.0.0/DataFiles/filegroup1.jar to /tmp/OraInstall2024-03-30_01-22-46PM/oracle_common succeeded.
2024-03-30 13:22:50,001 INFO  [1] com.oracle.cie.nextgen.launcher.LogUtils - Unzip of /tmp/orcl5105689544393348670.tmp/Disk1/stage/Components/oracle.jaxb.runtime/2.3.2.0.0/DataFiles/filegroup1.jar to /tmp/OraInstall2024-03-30_01-22-46PM/oracle_common succeeded.
2024-03-30 13:22:50,022 INFO  [1] com.oracle.cie.nextgen.launcher.LogUtils - Unzip of /tmp/orcl5105689544393348670.tmp/Disk1/stage/Components/oracle.jse.dms/14.1.1.0.0/DataFiles/filegroup1.jar to /tmp/OraInstall2024-03-30_01-22-46PM/oracle_common succeeded.
2024-03-30 13:22:50,024 INFO  [1] com.oracle.cie.nextgen.launcher.LogUtils - Unzip of /tmp/orcl5105689544393348670.tmp/Disk1/stage/Components/oracle.help.ohj/12.2.1.4.0/DataFiles/filegroup1.jar to /tmp/OraInstall2024-03-30_01-22-46PM/oracle_common succeeded.
2024-03-30 13:22:50,025 INFO  [1] com.oracle.cie.nextgen.launcher.LogUtils - Unzip of /tmp/orcl5105689544393348670.tmp/Disk1/stage/Components/oracle.help.share/12.2.1.4.0/DataFiles/filegroup1.jar to /tmp/OraInstall2024-03-30_01-22-46PM/oracle_common succeeded.
2024-03-30 13:22:50,042 INFO  [1] com.oracle.cie.nextgen.launcher.LogUtils - Unzip of /tmp/orcl5105689544393348670.tmp/Disk1/stage/Components/oracle.bali.ice/12.2.1.4.0/DataFiles/filegroup1.jar to /tmp/OraInstall2024-03-30_01-22-46PM/oracle_common succeeded.
2024-03-30 13:22:50,056 INFO  [1] com.oracle.cie.nextgen.launcher.LogUtils - Unzip of /tmp/orcl5105689544393348670.tmp/Disk1/stage/Components/oracle.bali.jewt/12.2.1.4.0/DataFiles/filegroup1.jar to /tmp/OraInstall2024-03-30_01-22-46PM/oracle_common succeeded.
2024-03-30 13:22:50,056 INFO  [1] com.oracle.cie.nextgen.launcher.LogUtils - Unzip of /tmp/orcl5105689544393348670.tmp/Disk1/stage/Components/oracle.bali.share/12.2.1.4.0/DataFiles/filegroup1.jar to /tmp/OraInstall2024-03-30_01-22-46PM/oracle_common succeeded.
2024-03-30 13:22:50,078 INFO  [1] com.oracle.cie.nextgen.launcher.LogUtils - Unzip of /tmp/orcl5105689544393348670.tmp/Disk1/stage/Components/oracle.fmw.common.wizard.resources/12.2.1.0.0/DataFiles/filegroup1.jar to /tmp/OraInstall2024-03-30_01-22-46PM/oracle_common succeeded.
2024-03-30 13:22:50,079 INFO  [1] com.oracle.cie.nextgen.launcher.LogUtils - Unzip of /tmp/orcl5105689544393348670.tmp/Disk1/stage/Components/oracle.glcm.encryption/2.7.4.0.0/DataFiles/filegroup1.jar to /tmp/OraInstall2024-03-30_01-22-46PM/oracle_common succeeded.
2024-03-30 13:22:50,080 INFO  [1] com.oracle.cie.nextgen.launcher.LogUtils - Unzip of /tmp/orcl5105689544393348670.tmp/Disk1/stage/Components/oracle.java.xml.bind/2.3.0.0.0/DataFiles/filegroup1.jar to /tmp/OraInstall2024-03-30_01-22-46PM/oracle_common succeeded.
2024-03-30 13:22:50,080 INFO  [1] com.oracle.cie.nextgen.launcher.LogUtils - Unzip of /tmp/orcl5105689544393348670.tmp/Disk1/stage/Components/oracle.java.activation/14.1.1.0.0/DataFiles/filegroup1.jar to /tmp/OraInstall2024-03-30_01-22-46PM/oracle_common succeeded.
2024-03-30 13:22:50,084 INFO  [1] com.oracle.cie.nextgen.launcher.LogUtils - Unzip of /tmp/orcl5105689544393348670.tmp/Disk1/stage/Components/oracle.glcm.opatch.common.api/13.9.4.0.0/DataFiles/filegroup1.jar to /tmp/OraInstall2024-03-30_01-22-46PM/OPatch succeeded.
2024-03-30 13:22:50,154 INFO  [1] com.oracle.cie.nextgen.launcher.LogUtils - Unzip of /tmp/orcl5105689544393348670.tmp/Disk1/stage/Components/oracle.nginst.common/13.9.4.0.0/DataFiles/filegroup1.jar to /tmp/OraInstall2024-03-30_01-22-46PM/oui succeeded.
2024-03-30 13:22:50,226 INFO  [1] com.oracle.cie.nextgen.launcher.LogUtils - Unzip of /tmp/orcl5105689544393348670.tmp/Disk1/stage/Components/oracle.nginst.core/13.9.4.0.0/DataFiles/filegroup1.jar to /tmp/OraInstall2024-03-30_01-22-46PM/oui succeeded.
2024-03-30 13:22:50,227 INFO  [1] com.oracle.cie.nextgen.launcher.LogUtils - Unzip of /tmp/orcl5105689544393348670.tmp/Disk1/stage/Components/oracle.nginst.core/13.9.4.0.0/DataFiles/filegroup2.jar to /tmp/OraInstall2024-03-30_01-22-46PM/oracle_common succeeded.
2024-03-30 13:22:50,229 INFO  [1] com.oracle.cie.nextgen.launcher.LogUtils - Unzip of /tmp/orcl5105689544393348670.tmp/Disk1/stage/Components/oracle.nginst.core/13.9.4.0.0/DataFiles/filegroup3.jar to /tmp/OraInstall2024-03-30_01-22-46PM/oui succeeded.
2024-03-30 13:22:50,230 INFO  [1] com.oracle.cie.nextgen.launcher.LogUtils - Unzip of /tmp/orcl5105689544393348670.tmp/Disk1/stage/Components/oracle.nginst.thirdparty/13.9.4.0.0/DataFiles/filegroup1.jar to /tmp/OraInstall2024-03-30_01-22-46PM/oracle_common succeeded.
2024-03-30 13:22:50,233 INFO  [1] com.oracle.cie.nextgen.launcher.LogUtils - Unzip of /tmp/orcl5105689544393348670.tmp/Disk1/stage/Components/oracle.http_client/14.1.1.0.0/DataFiles/filegroup1.jar to /tmp/OraInstall2024-03-30_01-22-46PM/oracle_common succeeded.
2024-03-30 13:22:50,263 INFO  [1] com.oracle.cie.nextgen.launcher.LogUtils - Unzip of /tmp/orcl5105689544393348670.tmp/Disk1/stage/Components/oracle.swd.opatch/13.9.4.2.3/DataFiles/filegroup1.jar to /tmp/OraInstall2024-03-30_01-22-46PM/OPatch succeeded.
2024-03-30 13:22:50,264 INFO  [1] com.oracle.cie.nextgen.launcher.LogUtils - Unzip of /tmp/orcl5105689544393348670.tmp/Disk1/stage/Components/oracle.as.install.common.help/12.2.1.4.0/DataFiles/filegroup1.jar to /tmp/OraInstall2024-03-30_01-22-46PM/oui succeeded.
2024-03-30 13:22:50,269 INFO  [1] com.oracle.cie.nextgen.launcher.LogUtils - Unzip of /tmp/orcl5105689544393348670.tmp/Disk1/stage/Components/oracle.as.install.common.help/12.2.1.4.0/DataFiles/filegroup2.jar to /tmp/OraInstall2024-03-30_01-22-46PM/oui succeeded.
2024-03-30 13:22:50,271 INFO  [1] com.oracle.cie.nextgen.launcher.LogUtils - Unzip of /tmp/orcl5105689544393348670.tmp/Disk1/stage/Components/oracle.as.install.common.prerequisite.files/14.1.1.0.0/DataFiles/filegroup1.jar to /tmp/OraInstall2024-03-30_01-22-46PM/oui succeeded.
2024-03-30 13:22:50,296 INFO  [1] com.oracle.cie.nextgen.launcher.LogUtils - Unzip of /tmp/orcl5105689544393348670.tmp/Disk1/stage/Components/oracle.as.install.ui.framework/14.1.1.0.0/DataFiles/filegroup1.jar to /tmp/OraInstall2024-03-30_01-22-46PM/oui succeeded.
2024-03-30 13:22:50,299 INFO  [1] com.oracle.cie.nextgen.launcher.LogUtils - Unzip of /tmp/orcl5105689544393348670.tmp/Disk1/stage/Components/oracle.as.install.wls/14.1.1.0.0/DataFiles/filegroup1.jar to /tmp/OraInstall2024-03-30_01-22-46PM/oui succeeded.
2024-03-30 13:22:50,302 INFO  [1] com.oracle.cie.nextgen.launcher.LogUtils - Unzip of /tmp/orcl5105689544393348670.tmp/Disk1/stage/Components/oracle.as.install.wls.prerequisite/14.1.1.0.0/DataFiles/filegroup1.jar to /tmp/OraInstall2024-03-30_01-22-46PM/oui succeeded.
2024-03-30 13:22:50,330 INFO  [1] com.oracle.cie.nextgen.launcher.LogUtils - Unzip of /tmp/orcl5105689544393348670.tmp/Disk1/stage/Components/oracle.glcm.opatchauto.core/13.9.4.2.0/DataFiles/filegroup1.jar to /tmp/OraInstall2024-03-30_01-22-46PM/OPatch succeeded.
2024-03-30 13:22:50,339 INFO  [1] com.oracle.cie.nextgen.launcher.LogUtils - Unzip of /tmp/orcl5105689544393348670.tmp/Disk1/stage/Components/oracle.glcm.fmw.chghost/14.1.1.0.0/DataFiles/filegroup1.jar to /tmp/OraInstall2024-03-30_01-22-46PM/oracle_common succeeded.
2024-03-30 13:22:50,341 INFO  [1] com.oracle.cie.nextgen.launcher.LogUtils - Unzip of /tmp/orcl5105689544393348670.tmp/Disk1/stage/Components/oracle.nginst.common/13.9.4.0.0/DataFiles/filegroup5.jar to /tmp/OraInstall2024-03-30_01-22-46PM/oui succeeded.
2024-03-30 13:22:50,342 INFO  [1] com.oracle.cie.nextgen.launcher.LogUtils - The number of files bootstrapped to the /tmp/OraInstall2024-03-30_01-22-46PM/oui directory is 170.
