2024-03-25 01:00:26,136 INFO  [1] com.oracle.cie.nextgen.launcher.LogUtils - Launcher log file is /tmp/OraInstall2024-03-25_01-00-25AM/launcher2024-03-25_01-00-25AM.log.
2024-03-25 01:00:26,139 INFO  [1] com.oracle.cie.nextgen.launcher.Launcher - Running jar: /home/amdpr1/Desktop/weblogic_test/fmw_14.1.1.0.0_wls_lite_generic.jar
2024-03-25 01:00:26,181 INFO  [1] com.oracle.cie.nextgen.launcher.LogUtils - Extracting to /tmp/orcl3067464981428381481.tmp.
2024-03-25 01:00:26,243 INFO  [1] com.oracle.cie.nextgen.launcher.LogUtils - Extracting the installer . . .
2024-03-25 01:00:28,286 INFO  [1] com.oracle.cie.nextgen.launcher.LogUtils - Finished self extraction to /tmp/orcl3067464981428381481.tmp.
2024-03-25 01:00:28,293 INFO  [1] com.oracle.cie.nextgen.launcher.LogUtils - Using the parameter file: /tmp/orcl3067464981428381481.tmp/Disk1/install/linux64/oraparam.ini
2024-03-25 01:00:28,312 INFO  [1] com.oracle.cie.nextgen.launcher.LogUtils - Checking if CPU speed is above 300 MHz
2024-03-25 01:00:28,325 INFO  [1] com.oracle.cie.nextgen.launcher.LogUtils - .   Actual 2208.002 MHz
2024-03-25 01:00:28,325 INFO  [1] com.oracle.cie.nextgen.launcher.LogUtils -     Passed
2024-03-25 01:00:28,325 INFO  [1] com.oracle.cie.nextgen.launcher.LogUtils - Checking swap space: must be greater than 512 MB
2024-03-25 01:00:28,329 INFO  [1] com.oracle.cie.nextgen.launcher.LogUtils - .   Actual 7987 MB
2024-03-25 01:00:28,329 INFO  [1] com.oracle.cie.nextgen.launcher.LogUtils -     Passed
2024-03-25 01:00:28,329 INFO  [1] com.oracle.cie.nextgen.launcher.LogUtils - Checking if this platform requires a 64-bit JVM
2024-03-25 01:00:28,329 INFO  [1] com.oracle.cie.nextgen.launcher.LogUtils - .   Actual 64
2024-03-25 01:00:28,329 INFO  [1] com.oracle.cie.nextgen.launcher.LogUtils -     Passed (64-bit not required)
2024-03-25 01:00:28,330 INFO  [1] com.oracle.cie.nextgen.launcher.LogUtils - Checking temp space: must be greater than 300 MB
2024-03-25 01:00:28,330 INFO  [1] com.oracle.cie.nextgen.launcher.LogUtils - .   Actual 14680 MB
2024-03-25 01:00:28,330 INFO  [1] com.oracle.cie.nextgen.launcher.LogUtils -     Passed
2024-03-25 01:00:28,330 INFO  [1] com.oracle.cie.nextgen.launcher.LogUtils - Preparing to launch the Oracle Universal Installer from /tmp/OraInstall2024-03-25_01-00-25AM
2024-03-25 01:00:28,333 INFO  [1] com.oracle.cie.nextgen.launcher.LogUtils - Unzip of /tmp/orcl3067464981428381481.tmp/Disk1/stage/Components/oracle.nlsoramapping.jrf/19.3.0.0.0/DataFiles/filegroup1.jar to /tmp/OraInstall2024-03-25_01-00-25AM/oracle_common succeeded.
2024-03-25 01:00:28,373 INFO  [1] com.oracle.cie.nextgen.launcher.LogUtils - Unzip of /tmp/orcl3067464981428381481.tmp/Disk1/stage/Components/oracle.nlsrtl.jrf/19.3.0.0.0/DataFiles/filegroup1.jar to /tmp/OraInstall2024-03-25_01-00-25AM/oracle_common succeeded.
2024-03-25 01:00:28,374 INFO  [1] com.oracle.cie.nextgen.launcher.LogUtils - Unzip of /tmp/orcl3067464981428381481.tmp/Disk1/stage/Components/oracle.glcm.logging/1.6.4.0.0/DataFiles/filegroup1.jar to /tmp/OraInstall2024-03-25_01-00-25AM/oracle_common succeeded.
2024-03-25 01:00:28,377 INFO  [1] com.oracle.cie.nextgen.launcher.LogUtils - Unzip of /tmp/orcl3067464981428381481.tmp/Disk1/stage/Components/oracle.glcm.comdev/7.8.4.0.0/DataFiles/filegroup1.jar to /tmp/OraInstall2024-03-25_01-00-25AM/oracle_common succeeded.
2024-03-25 01:00:28,378 INFO  [1] com.oracle.cie.nextgen.launcher.LogUtils - Unzip of /tmp/orcl3067464981428381481.tmp/Disk1/stage/Components/oracle.glcm.dependency/1.8.4.0.0/DataFiles/filegroup1.jar to /tmp/OraInstall2024-03-25_01-00-25AM/oracle_common succeeded.
2024-03-25 01:00:28,380 INFO  [1] com.oracle.cie.nextgen.launcher.LogUtils - Unzip of /tmp/orcl3067464981428381481.tmp/Disk1/stage/Components/oracle.glcm.xmldh/3.4.4.0.0/DataFiles/filegroup1.jar to /tmp/OraInstall2024-03-25_01-00-25AM/oracle_common succeeded.
2024-03-25 01:00:28,384 INFO  [1] com.oracle.cie.nextgen.launcher.LogUtils - Unzip of /tmp/orcl3067464981428381481.tmp/Disk1/stage/Components/oracle.glcm.wizard/7.8.4.0.0/DataFiles/filegroup1.jar to /tmp/OraInstall2024-03-25_01-00-25AM/oracle_common succeeded.
2024-03-25 01:00:28,782 INFO  [1] com.oracle.cie.nextgen.launcher.LogUtils - Unzip of /tmp/orcl3067464981428381481.tmp/Disk1/stage/Components/oracle.org.apache.ant.ant.bundle/1.10.5.0.0/DataFiles/filegroup1.jar to /tmp/OraInstall2024-03-25_01-00-25AM/oracle_common succeeded.
2024-03-25 01:00:28,795 INFO  [1] com.oracle.cie.nextgen.launcher.LogUtils - Unzip of /tmp/orcl3067464981428381481.tmp/Disk1/stage/Components/oracle.jaxb.tools/2.3.2.0.0/DataFiles/filegroup1.jar to /tmp/OraInstall2024-03-25_01-00-25AM/oracle_common succeeded.
2024-03-25 01:00:28,804 INFO  [1] com.oracle.cie.nextgen.launcher.LogUtils - Unzip of /tmp/orcl3067464981428381481.tmp/Disk1/stage/Components/oracle.jaxb.runtime/2.3.2.0.0/DataFiles/filegroup1.jar to /tmp/OraInstall2024-03-25_01-00-25AM/oracle_common succeeded.
2024-03-25 01:00:28,824 INFO  [1] com.oracle.cie.nextgen.launcher.LogUtils - Unzip of /tmp/orcl3067464981428381481.tmp/Disk1/stage/Components/oracle.jse.dms/14.1.1.0.0/DataFiles/filegroup1.jar to /tmp/OraInstall2024-03-25_01-00-25AM/oracle_common succeeded.
2024-03-25 01:00:28,826 INFO  [1] com.oracle.cie.nextgen.launcher.LogUtils - Unzip of /tmp/orcl3067464981428381481.tmp/Disk1/stage/Components/oracle.help.ohj/12.2.1.4.0/DataFiles/filegroup1.jar to /tmp/OraInstall2024-03-25_01-00-25AM/oracle_common succeeded.
2024-03-25 01:00:28,828 INFO  [1] com.oracle.cie.nextgen.launcher.LogUtils - Unzip of /tmp/orcl3067464981428381481.tmp/Disk1/stage/Components/oracle.help.share/12.2.1.4.0/DataFiles/filegroup1.jar to /tmp/OraInstall2024-03-25_01-00-25AM/oracle_common succeeded.
2024-03-25 01:00:28,838 INFO  [1] com.oracle.cie.nextgen.launcher.LogUtils - Unzip of /tmp/orcl3067464981428381481.tmp/Disk1/stage/Components/oracle.bali.ice/12.2.1.4.0/DataFiles/filegroup1.jar to /tmp/OraInstall2024-03-25_01-00-25AM/oracle_common succeeded.
2024-03-25 01:00:28,852 INFO  [1] com.oracle.cie.nextgen.launcher.LogUtils - Unzip of /tmp/orcl3067464981428381481.tmp/Disk1/stage/Components/oracle.bali.jewt/12.2.1.4.0/DataFiles/filegroup1.jar to /tmp/OraInstall2024-03-25_01-00-25AM/oracle_common succeeded.
2024-03-25 01:00:28,853 INFO  [1] com.oracle.cie.nextgen.launcher.LogUtils - Unzip of /tmp/orcl3067464981428381481.tmp/Disk1/stage/Components/oracle.bali.share/12.2.1.4.0/DataFiles/filegroup1.jar to /tmp/OraInstall2024-03-25_01-00-25AM/oracle_common succeeded.
2024-03-25 01:00:28,853 INFO  [1] com.oracle.cie.nextgen.launcher.LogUtils - Unzip of /tmp/orcl3067464981428381481.tmp/Disk1/stage/Components/oracle.fmw.common.wizard.resources/12.2.1.0.0/DataFiles/filegroup1.jar to /tmp/OraInstall2024-03-25_01-00-25AM/oracle_common succeeded.
2024-03-25 01:00:28,854 INFO  [1] com.oracle.cie.nextgen.launcher.LogUtils - Unzip of /tmp/orcl3067464981428381481.tmp/Disk1/stage/Components/oracle.glcm.encryption/2.7.4.0.0/DataFiles/filegroup1.jar to /tmp/OraInstall2024-03-25_01-00-25AM/oracle_common succeeded.
2024-03-25 01:00:28,855 INFO  [1] com.oracle.cie.nextgen.launcher.LogUtils - Unzip of /tmp/orcl3067464981428381481.tmp/Disk1/stage/Components/oracle.java.xml.bind/2.3.0.0.0/DataFiles/filegroup1.jar to /tmp/OraInstall2024-03-25_01-00-25AM/oracle_common succeeded.
2024-03-25 01:00:28,856 INFO  [1] com.oracle.cie.nextgen.launcher.LogUtils - Unzip of /tmp/orcl3067464981428381481.tmp/Disk1/stage/Components/oracle.java.activation/14.1.1.0.0/DataFiles/filegroup1.jar to /tmp/OraInstall2024-03-25_01-00-25AM/oracle_common succeeded.
2024-03-25 01:00:28,859 INFO  [1] com.oracle.cie.nextgen.launcher.LogUtils - Unzip of /tmp/orcl3067464981428381481.tmp/Disk1/stage/Components/oracle.glcm.opatch.common.api/13.9.4.0.0/DataFiles/filegroup1.jar to /tmp/OraInstall2024-03-25_01-00-25AM/OPatch succeeded.
2024-03-25 01:00:28,952 INFO  [1] com.oracle.cie.nextgen.launcher.LogUtils - Unzip of /tmp/orcl3067464981428381481.tmp/Disk1/stage/Components/oracle.nginst.common/13.9.4.0.0/DataFiles/filegroup1.jar to /tmp/OraInstall2024-03-25_01-00-25AM/oui succeeded.
2024-03-25 01:00:29,057 INFO  [1] com.oracle.cie.nextgen.launcher.LogUtils - Unzip of /tmp/orcl3067464981428381481.tmp/Disk1/stage/Components/oracle.nginst.core/13.9.4.0.0/DataFiles/filegroup1.jar to /tmp/OraInstall2024-03-25_01-00-25AM/oui succeeded.
2024-03-25 01:00:29,059 INFO  [1] com.oracle.cie.nextgen.launcher.LogUtils - Unzip of /tmp/orcl3067464981428381481.tmp/Disk1/stage/Components/oracle.nginst.core/13.9.4.0.0/DataFiles/filegroup2.jar to /tmp/OraInstall2024-03-25_01-00-25AM/oracle_common succeeded.
2024-03-25 01:00:29,061 INFO  [1] com.oracle.cie.nextgen.launcher.LogUtils - Unzip of /tmp/orcl3067464981428381481.tmp/Disk1/stage/Components/oracle.nginst.core/13.9.4.0.0/DataFiles/filegroup3.jar to /tmp/OraInstall2024-03-25_01-00-25AM/oui succeeded.
2024-03-25 01:00:29,063 INFO  [1] com.oracle.cie.nextgen.launcher.LogUtils - Unzip of /tmp/orcl3067464981428381481.tmp/Disk1/stage/Components/oracle.nginst.thirdparty/13.9.4.0.0/DataFiles/filegroup1.jar to /tmp/OraInstall2024-03-25_01-00-25AM/oracle_common succeeded.
2024-03-25 01:00:29,066 INFO  [1] com.oracle.cie.nextgen.launcher.LogUtils - Unzip of /tmp/orcl3067464981428381481.tmp/Disk1/stage/Components/oracle.http_client/14.1.1.0.0/DataFiles/filegroup1.jar to /tmp/OraInstall2024-03-25_01-00-25AM/oracle_common succeeded.
2024-03-25 01:00:29,095 INFO  [1] com.oracle.cie.nextgen.launcher.LogUtils - Unzip of /tmp/orcl3067464981428381481.tmp/Disk1/stage/Components/oracle.swd.opatch/13.9.4.2.3/DataFiles/filegroup1.jar to /tmp/OraInstall2024-03-25_01-00-25AM/OPatch succeeded.
2024-03-25 01:00:29,096 INFO  [1] com.oracle.cie.nextgen.launcher.LogUtils - Unzip of /tmp/orcl3067464981428381481.tmp/Disk1/stage/Components/oracle.as.install.common.help/12.2.1.4.0/DataFiles/filegroup1.jar to /tmp/OraInstall2024-03-25_01-00-25AM/oui succeeded.
2024-03-25 01:00:29,101 INFO  [1] com.oracle.cie.nextgen.launcher.LogUtils - Unzip of /tmp/orcl3067464981428381481.tmp/Disk1/stage/Components/oracle.as.install.common.help/12.2.1.4.0/DataFiles/filegroup2.jar to /tmp/OraInstall2024-03-25_01-00-25AM/oui succeeded.
2024-03-25 01:00:29,106 INFO  [1] com.oracle.cie.nextgen.launcher.LogUtils - Unzip of /tmp/orcl3067464981428381481.tmp/Disk1/stage/Components/oracle.as.install.common.prerequisite.files/14.1.1.0.0/DataFiles/filegroup1.jar to /tmp/OraInstall2024-03-25_01-00-25AM/oui succeeded.
2024-03-25 01:00:29,131 INFO  [1] com.oracle.cie.nextgen.launcher.LogUtils - Unzip of /tmp/orcl3067464981428381481.tmp/Disk1/stage/Components/oracle.as.install.ui.framework/14.1.1.0.0/DataFiles/filegroup1.jar to /tmp/OraInstall2024-03-25_01-00-25AM/oui succeeded.
2024-03-25 01:00:29,133 INFO  [1] com.oracle.cie.nextgen.launcher.LogUtils - Unzip of /tmp/orcl3067464981428381481.tmp/Disk1/stage/Components/oracle.as.install.wls/14.1.1.0.0/DataFiles/filegroup1.jar to /tmp/OraInstall2024-03-25_01-00-25AM/oui succeeded.
2024-03-25 01:00:29,139 INFO  [1] com.oracle.cie.nextgen.launcher.LogUtils - Unzip of /tmp/orcl3067464981428381481.tmp/Disk1/stage/Components/oracle.as.install.wls.prerequisite/14.1.1.0.0/DataFiles/filegroup1.jar to /tmp/OraInstall2024-03-25_01-00-25AM/oui succeeded.
2024-03-25 01:00:29,144 INFO  [1] com.oracle.cie.nextgen.launcher.LogUtils - Unzip of /tmp/orcl3067464981428381481.tmp/Disk1/stage/Components/oracle.glcm.opatchauto.core/13.9.4.2.0/DataFiles/filegroup1.jar to /tmp/OraInstall2024-03-25_01-00-25AM/OPatch succeeded.
2024-03-25 01:00:29,157 INFO  [1] com.oracle.cie.nextgen.launcher.LogUtils - Unzip of /tmp/orcl3067464981428381481.tmp/Disk1/stage/Components/oracle.glcm.fmw.chghost/14.1.1.0.0/DataFiles/filegroup1.jar to /tmp/OraInstall2024-03-25_01-00-25AM/oracle_common succeeded.
2024-03-25 01:00:29,158 INFO  [1] com.oracle.cie.nextgen.launcher.LogUtils - Unzip of /tmp/orcl3067464981428381481.tmp/Disk1/stage/Components/oracle.nginst.common/13.9.4.0.0/DataFiles/filegroup5.jar to /tmp/OraInstall2024-03-25_01-00-25AM/oui succeeded.
2024-03-25 01:00:29,160 INFO  [1] com.oracle.cie.nextgen.launcher.LogUtils - The number of files bootstrapped to the /tmp/OraInstall2024-03-25_01-00-25AM/oui directory is 170.
